2025-06-08 13:39:39.804 [info] ComputeTargetPlatform: linux-x64
2025-06-08 13:39:57.298 [info] ComputeTargetPlatform: linux-x64
2025-06-08 13:40:01.400 [info] Getting Manifest... ms-azuretools.vscode-docker
2025-06-08 13:40:01.457 [info] Installing extension: ms-azuretools.vscode-docker {"isMachineScoped":false,"installPreReleaseVersion":false,"pinned":false,"profileLocation":{"$mid":1,"external":"vscode-userdata:/home/kruger/.vscode/extensions/extensions.json","path":"/home/kruger/.vscode/extensions/extensions.json","scheme":"vscode-userdata"},"isApplicationScoped":false,"productVersion":{"version":"1.100.2","date":"2025-05-14T21:47:40.416Z"}}
2025-06-08 13:40:01.844 [info] Getting Manifest... ms-azuretools.vscode-containers
2025-06-08 13:40:02.154 [info] Installing extension: ms-azuretools.vscode-containers {"isMachineScoped":false,"installPreReleaseVersion":false,"pinned":false,"profileLocation":{"$mid":1,"external":"vscode-userdata:/home/kruger/.vscode/extensions/extensions.json","path":"/home/kruger/.vscode/extensions/extensions.json","scheme":"vscode-userdata"},"isApplicationScoped":false,"productVersion":{"version":"1.100.2","date":"2025-05-14T21:47:40.416Z"},"installGivenVersion":false,"context":{"dependecyOrPackExtensionInstall":true}}
2025-06-08 13:40:04.222 [info] Extension signature verification result for ms-azuretools.vscode-docker: Success. Internal Code: 0. Executed: true. Duration: 1588ms.
2025-06-08 13:40:04.259 [info] Extracted extension to file:///home/kruger/.vscode/extensions/ms-azuretools.vscode-docker-2.0.0: ms-azuretools.vscode-docker
2025-06-08 13:40:04.265 [info] Renamed to /home/kruger/.vscode/extensions/ms-azuretools.vscode-docker-2.0.0
2025-06-08 13:40:04.288 [info] Extension signature verification result for ms-azuretools.vscode-containers: Success. Internal Code: 0. Executed: true. Duration: 1562ms.
2025-06-08 13:40:04.505 [info] Extracted extension to file:///home/kruger/.vscode/extensions/ms-azuretools.vscode-containers-2.0.3: ms-azuretools.vscode-containers
2025-06-08 13:40:04.515 [info] Renamed to /home/kruger/.vscode/extensions/ms-azuretools.vscode-containers-2.0.3
2025-06-08 13:40:04.532 [info] Extension installed successfully: ms-azuretools.vscode-docker vscode-userdata:/home/kruger/.vscode/extensions/extensions.json
2025-06-08 13:40:04.533 [info] Extension installed successfully: ms-azuretools.vscode-containers vscode-userdata:/home/kruger/.vscode/extensions/extensions.json
2025-06-08 13:40:04.994 [info] Getting Manifest... eamodio.gitlens
2025-06-08 13:40:05.111 [info] Installing extension: eamodio.gitlens {"isMachineScoped":false,"installPreReleaseVersion":false,"pinned":false,"profileLocation":{"$mid":1,"external":"vscode-userdata:/home/kruger/.vscode/extensions/extensions.json","path":"/home/kruger/.vscode/extensions/extensions.json","scheme":"vscode-userdata"},"isApplicationScoped":false,"productVersion":{"version":"1.100.2","date":"2025-05-14T21:47:40.416Z"}}
2025-06-08 13:40:07.455 [info] Extension signature verification result for eamodio.gitlens: Success. Internal Code: 0. Executed: true. Duration: 1145ms.
2025-06-08 13:40:07.829 [info] Extracted extension to file:///home/kruger/.vscode/extensions/eamodio.gitlens-17.1.1: eamodio.gitlens
2025-06-08 13:40:07.855 [info] Renamed to /home/kruger/.vscode/extensions/eamodio.gitlens-17.1.1
2025-06-08 13:40:07.901 [info] Extension installed successfully: eamodio.gitlens vscode-userdata:/home/kruger/.vscode/extensions/extensions.json
2025-06-08 13:40:17.250 [info] Getting Manifest... esbenp.prettier-vscode
2025-06-08 13:40:17.298 [info] Installing extension: esbenp.prettier-vscode {"isMachineScoped":false,"installPreReleaseVersion":false,"pinned":false,"profileLocation":{"$mid":1,"external":"vscode-userdata:/home/kruger/.vscode/extensions/extensions.json","path":"/home/kruger/.vscode/extensions/extensions.json","scheme":"vscode-userdata"},"isApplicationScoped":false,"productVersion":{"version":"1.100.2","date":"2025-05-14T21:47:40.416Z"}}
2025-06-08 13:40:19.005 [info] Extension signature verification result for esbenp.prettier-vscode: Success. Internal Code: 0. Executed: true. Duration: 870ms.
2025-06-08 13:40:19.111 [info] Extracted extension to file:///home/kruger/.vscode/extensions/esbenp.prettier-vscode-11.0.0: esbenp.prettier-vscode
2025-06-08 13:40:19.150 [info] Renamed to /home/kruger/.vscode/extensions/esbenp.prettier-vscode-11.0.0
2025-06-08 13:40:19.274 [info] Extension installed successfully: esbenp.prettier-vscode vscode-userdata:/home/kruger/.vscode/extensions/extensions.json
2025-06-08 13:40:19.814 [info] Getting Manifest... visualstudioexptteam.vscodeintellicode
2025-06-08 13:40:19.874 [info] Installing extension: visualstudioexptteam.vscodeintellicode {"isMachineScoped":false,"installPreReleaseVersion":false,"pinned":false,"profileLocation":{"$mid":1,"external":"vscode-userdata:/home/kruger/.vscode/extensions/extensions.json","path":"/home/kruger/.vscode/extensions/extensions.json","scheme":"vscode-userdata"},"isApplicationScoped":false,"productVersion":{"version":"1.100.2","date":"2025-05-14T21:47:40.416Z"}}
2025-06-08 13:40:20.129 [info] Getting Manifest... visualstudioexptteam.intellicode-api-usage-examples
2025-06-08 13:40:20.264 [info] Installing extension: visualstudioexptteam.intellicode-api-usage-examples {"isMachineScoped":false,"installPreReleaseVersion":false,"pinned":false,"profileLocation":{"$mid":1,"external":"vscode-userdata:/home/kruger/.vscode/extensions/extensions.json","path":"/home/kruger/.vscode/extensions/extensions.json","scheme":"vscode-userdata"},"isApplicationScoped":false,"productVersion":{"version":"1.100.2","date":"2025-05-14T21:47:40.416Z"},"installGivenVersion":false,"context":{"dependecyOrPackExtensionInstall":true}}
2025-06-08 13:40:22.448 [info] Extension signature verification result for visualstudioexptteam.intellicode-api-usage-examples: Success. Internal Code: 0. Executed: true. Duration: 1149ms.
2025-06-08 13:40:22.621 [info] Extracted extension to file:///home/kruger/.vscode/extensions/visualstudioexptteam.intellicode-api-usage-examples-0.2.9: visualstudioexptteam.intellicode-api-usage-examples
2025-06-08 13:40:22.673 [info] Renamed to /home/kruger/.vscode/extensions/visualstudioexptteam.intellicode-api-usage-examples-0.2.9
2025-06-08 13:40:29.051 [info] Extension signature verification result for visualstudioexptteam.vscodeintellicode: Success. Internal Code: 0. Executed: true. Duration: 1087ms.
2025-06-08 13:40:29.798 [info] Extracted extension to file:///home/kruger/.vscode/extensions/visualstudioexptteam.vscodeintellicode-1.3.2: visualstudioexptteam.vscodeintellicode
2025-06-08 13:40:29.806 [info] Renamed to /home/kruger/.vscode/extensions/visualstudioexptteam.vscodeintellicode-1.3.2
2025-06-08 13:40:29.852 [info] Extension installed successfully: visualstudioexptteam.intellicode-api-usage-examples vscode-userdata:/home/kruger/.vscode/extensions/extensions.json
2025-06-08 13:40:29.852 [info] Extension installed successfully: visualstudioexptteam.vscodeintellicode vscode-userdata:/home/kruger/.vscode/extensions/extensions.json
2025-06-08 13:40:34.188 [info] Getting Manifest... pkief.material-icon-theme
2025-06-08 13:40:34.249 [info] Installing extension: pkief.material-icon-theme {"isMachineScoped":false,"installPreReleaseVersion":false,"pinned":false,"profileLocation":{"$mid":1,"external":"vscode-userdata:/home/kruger/.vscode/extensions/extensions.json","path":"/home/kruger/.vscode/extensions/extensions.json","scheme":"vscode-userdata"},"isApplicationScoped":false,"productVersion":{"version":"1.100.2","date":"2025-05-14T21:47:40.416Z"}}
2025-06-08 13:40:36.059 [info] Extension signature verification result for pkief.material-icon-theme: Success. Internal Code: 0. Executed: true. Duration: 942ms.
2025-06-08 13:40:36.802 [info] Extracted extension to file:///home/kruger/.vscode/extensions/pkief.material-icon-theme-5.23.0: pkief.material-icon-theme
2025-06-08 13:40:36.941 [info] Renamed to /home/kruger/.vscode/extensions/pkief.material-icon-theme-5.23.0
2025-06-08 13:40:37.104 [info] Extension installed successfully: pkief.material-icon-theme vscode-userdata:/home/kruger/.vscode/extensions/extensions.json
2025-06-08 13:40:50.352 [info] Getting Manifest... bradlc.vscode-tailwindcss
2025-06-08 13:40:50.437 [info] Installing extension: bradlc.vscode-tailwindcss {"isMachineScoped":false,"installPreReleaseVersion":false,"pinned":false,"profileLocation":{"$mid":1,"external":"vscode-userdata:/home/kruger/.vscode/extensions/extensions.json","path":"/home/kruger/.vscode/extensions/extensions.json","scheme":"vscode-userdata"},"isApplicationScoped":false,"productVersion":{"version":"1.100.2","date":"2025-05-14T21:47:40.416Z"}}
2025-06-08 13:40:52.240 [info] Extension signature verification result for bradlc.vscode-tailwindcss: Success. Internal Code: 0. Executed: true. Duration: 948ms.
2025-06-08 13:40:52.324 [info] Extracted extension to file:///home/kruger/.vscode/extensions/bradlc.vscode-tailwindcss-0.14.21: bradlc.vscode-tailwindcss
2025-06-08 13:40:52.386 [info] Renamed to /home/kruger/.vscode/extensions/bradlc.vscode-tailwindcss-0.14.21
2025-06-08 13:40:52.561 [info] Extension installed successfully: bradlc.vscode-tailwindcss vscode-userdata:/home/kruger/.vscode/extensions/extensions.json
2025-06-08 13:41:05.595 [info] Getting Manifest... yoavbls.pretty-ts-errors
2025-06-08 13:41:05.647 [info] Installing extension: yoavbls.pretty-ts-errors {"isMachineScoped":false,"installPreReleaseVersion":false,"pinned":false,"profileLocation":{"$mid":1,"external":"vscode-userdata:/home/kruger/.vscode/extensions/extensions.json","path":"/home/kruger/.vscode/extensions/extensions.json","scheme":"vscode-userdata"},"isApplicationScoped":false,"productVersion":{"version":"1.100.2","date":"2025-05-14T21:47:40.416Z"}}
2025-06-08 13:41:07.426 [info] Extension signature verification result for yoavbls.pretty-ts-errors: Success. Internal Code: 0. Executed: true. Duration: 898ms.
2025-06-08 13:41:07.494 [info] Extracted extension to file:///home/kruger/.vscode/extensions/yoavbls.pretty-ts-errors-0.6.1: yoavbls.pretty-ts-errors
2025-06-08 13:41:07.526 [info] Renamed to /home/kruger/.vscode/extensions/yoavbls.pretty-ts-errors-0.6.1
2025-06-08 13:41:07.579 [info] Extension installed successfully: yoavbls.pretty-ts-errors vscode-userdata:/home/kruger/.vscode/extensions/extensions.json
2025-06-08 13:41:33.565 [info] Getting Manifest... dbaeumer.vscode-eslint
2025-06-08 13:41:33.666 [info] Installing extension: dbaeumer.vscode-eslint {"isMachineScoped":false,"installPreReleaseVersion":false,"pinned":false,"profileLocation":{"$mid":1,"external":"vscode-userdata:/home/kruger/.vscode/extensions/extensions.json","path":"/home/kruger/.vscode/extensions/extensions.json","scheme":"vscode-userdata"},"isApplicationScoped":false,"productVersion":{"version":"1.100.2","date":"2025-05-14T21:47:40.416Z"}}
2025-06-08 13:41:35.152 [info] Extension signature verification result for dbaeumer.vscode-eslint: Success. Internal Code: 0. Executed: true. Duration: 940ms.
2025-06-08 13:41:35.171 [info] Extracted extension to file:///home/kruger/.vscode/extensions/dbaeumer.vscode-eslint-3.0.10: dbaeumer.vscode-eslint
2025-06-08 13:41:35.174 [info] Renamed to /home/kruger/.vscode/extensions/dbaeumer.vscode-eslint-3.0.10
2025-06-08 13:41:35.194 [info] Extension installed successfully: dbaeumer.vscode-eslint vscode-userdata:/home/kruger/.vscode/extensions/extensions.json
2025-06-08 13:41:56.453 [info] Getting Manifest... usernamehw.errorlens
2025-06-08 13:41:56.508 [info] Installing extension: usernamehw.errorlens {"isMachineScoped":false,"installPreReleaseVersion":false,"pinned":false,"profileLocation":{"$mid":1,"external":"vscode-userdata:/home/kruger/.vscode/extensions/extensions.json","path":"/home/kruger/.vscode/extensions/extensions.json","scheme":"vscode-userdata"},"isApplicationScoped":false,"productVersion":{"version":"1.100.2","date":"2025-05-14T21:47:40.416Z"}}
2025-06-08 13:41:57.828 [info] Extension signature verification result for usernamehw.errorlens: Success. Internal Code: 0. Executed: true. Duration: 868ms.
2025-06-08 13:41:57.851 [info] Extracted extension to file:///home/kruger/.vscode/extensions/usernamehw.errorlens-3.26.0: usernamehw.errorlens
2025-06-08 13:41:57.858 [info] Renamed to /home/kruger/.vscode/extensions/usernamehw.errorlens-3.26.0
2025-06-08 13:41:57.879 [info] Extension installed successfully: usernamehw.errorlens vscode-userdata:/home/kruger/.vscode/extensions/extensions.json
2025-06-08 13:42:19.658 [info] Getting Manifest... vue.volar
2025-06-08 13:42:19.738 [info] Installing extension: vue.volar {"isMachineScoped":false,"installPreReleaseVersion":false,"pinned":false,"profileLocation":{"$mid":1,"external":"vscode-userdata:/home/kruger/.vscode/extensions/extensions.json","path":"/home/kruger/.vscode/extensions/extensions.json","scheme":"vscode-userdata"},"isApplicationScoped":false,"productVersion":{"version":"1.100.2","date":"2025-05-14T21:47:40.416Z"}}
2025-06-08 13:42:21.084 [info] Extension signature verification result for vue.volar: Success. Internal Code: 0. Executed: true. Duration: 771ms.
2025-06-08 13:42:21.139 [info] Extracted extension to file:///home/kruger/.vscode/extensions/vue.volar-2.2.10: vue.volar
2025-06-08 13:42:21.143 [info] Renamed to /home/kruger/.vscode/extensions/vue.volar-2.2.10
2025-06-08 13:42:21.168 [info] Extension installed successfully: vue.volar vscode-userdata:/home/kruger/.vscode/extensions/extensions.json
2025-06-08 13:43:16.390 [info] Getting Manifest... jdinhlife.gruvbox
2025-06-08 13:43:16.504 [info] Installing extension: jdinhlife.gruvbox {"isMachineScoped":false,"installPreReleaseVersion":false,"pinned":false,"profileLocation":{"$mid":1,"external":"vscode-userdata:/home/kruger/.vscode/extensions/extensions.json","path":"/home/kruger/.vscode/extensions/extensions.json","scheme":"vscode-userdata"},"isApplicationScoped":false,"productVersion":{"version":"1.100.2","date":"2025-05-14T21:47:40.416Z"}}
2025-06-08 13:43:18.505 [info] Extension signature verification result for jdinhlife.gruvbox: Success. Internal Code: 0. Executed: true. Duration: 942ms.
2025-06-08 13:43:18.530 [info] Extracted extension to file:///home/kruger/.vscode/extensions/jdinhlife.gruvbox-1.28.0: jdinhlife.gruvbox
2025-06-08 13:43:18.534 [info] Renamed to /home/kruger/.vscode/extensions/jdinhlife.gruvbox-1.28.0
2025-06-08 13:43:18.558 [info] Extension installed successfully: jdinhlife.gruvbox vscode-userdata:/home/kruger/.vscode/extensions/extensions.json
