2025-06-08 13:44:46.906 [info] [2025-06-08 05:44:46.602] [        443ms] [/home/kruger/hdd/Codes/nuxt/my-project] git rev-parse --show-toplevel • FAILED
2025-06-08 13:44:46.906 [info] 
Error: fatal: not a git repository (or any parent up to mount point /home/kruger)
Stopping at filesystem boundary (GIT_DISCOVERY_ACROSS_FILESYSTEM not set).

2025-06-08 13:44:47.064 [info] [2025-06-08 05:44:47.064] [         28ms] [/home/kruger/hdd/Codes/nuxt/my-project/pages] git rev-parse --show-toplevel • FAILED
2025-06-08 13:44:47.064 [info] 
Error: fatal: not a git repository (or any parent up to mount point /home/kruger)
Stopping at filesystem boundary (GIT_DISCOVERY_ACROSS_FILESYSTEM not set).

2025-06-08 13:44:48.312 [info] [2025-06-08 05:44:48.312] [         26ms] [/home/kruger/hdd/Codes/nuxt/my-project] git rev-parse --show-toplevel • FAILED
2025-06-08 13:44:48.312 [info] 
Error: fatal: not a git repository (or any parent up to mount point /home/kruger)
Stopping at filesystem boundary (GIT_DISCOVERY_ACROSS_FILESYSTEM not set).

2025-06-08 13:46:24.917 [info] [2025-06-08 05:46:24.916] [          7ms] [/home/kruger/hdd/Codes/nuxt/my-project] git rev-parse --show-toplevel • FAILED
2025-06-08 13:46:24.917 [info] 
Error: fatal: not a git repository (or any parent up to mount point /home/kruger)
Stopping at filesystem boundary (GIT_DISCOVERY_ACROSS_FILESYSTEM not set).

2025-06-08 13:46:38.688 [info] [2025-06-08 05:46:38.688] [         22ms] [/home/kruger/hdd/Codes/nuxt/my-project/.nuxt] git rev-parse --show-toplevel • FAILED
2025-06-08 13:46:38.688 [info] 
Error: fatal: not a git repository (or any parent up to mount point /home/kruger)
Stopping at filesystem boundary (GIT_DISCOVERY_ACROSS_FILESYSTEM not set).

2025-06-08 13:46:40.960 [info] [2025-06-08 05:46:40.960] [         25ms] [/home/kruger/hdd/Codes/nuxt/my-project/components] git rev-parse --show-toplevel • FAILED
2025-06-08 13:46:40.960 [info] 
Error: fatal: not a git repository (or any parent up to mount point /home/kruger)
Stopping at filesystem boundary (GIT_DISCOVERY_ACROSS_FILESYSTEM not set).

2025-06-08 13:46:41.087 [info] [2025-06-08 05:46:41.087] [         19ms] [/home/kruger/hdd/Codes/nuxt/my-project/components] git rev-parse --show-toplevel • FAILED
2025-06-08 13:46:41.087 [info] 
Error: fatal: not a git repository (or any parent up to mount point /home/kruger)
Stopping at filesystem boundary (GIT_DISCOVERY_ACROSS_FILESYSTEM not set).

2025-06-08 13:46:41.370 [info] [2025-06-08 05:46:41.370] [         17ms] [/home/kruger/hdd/Codes/nuxt/my-project/components] git rev-parse --show-toplevel • FAILED
2025-06-08 13:46:41.370 [info] 
Error: fatal: not a git repository (or any parent up to mount point /home/kruger)
Stopping at filesystem boundary (GIT_DISCOVERY_ACROSS_FILESYSTEM not set).

2025-06-08 13:46:43.638 [info] [2025-06-08 05:46:43.638] [         24ms] [/opt/visual-studio-code/resources/app/extensions/node_modules/typescript/lib] git rev-parse --show-toplevel • FAILED
2025-06-08 13:46:43.638 [info] 
Error: fatal: not a git repository (or any of the parent directories): .git

